#
# There is insufficient memory for the Java Runtime Environment to continue.
# Native memory allocation (malloc) failed to allocate 1451696 bytes for Chunk::new
# Possible reasons:
#   The system is out of physical RAM or swap space
#   The process is running with CompressedOops enabled, and the Java Heap may be blocking the growth of the native heap
# Possible solutions:
#   Reduce memory load on the system
#   Increase physical memory or swap space
#   Check if swap backing store is full
#   Decrease Java heap size (-Xmx/-Xms)
#   Decrease number of Java threads
#   Decrease Java thread stack sizes (-Xss)
#   Set larger code cache with -XX:ReservedCodeCacheSize=
#   JVM is running with Unscaled Compressed Oops mode in which the Java heap is
#     placed in the first 4GB address space. The Java Heap base address is the
#     maximum limit for the native heap growth. Please use -XX:HeapBaseMinAddress
#     to set the Java Heap base and to place the Java Heap above 4GB virtual address.
# This output file may be truncated or incomplete.
#
#  Out of Memory Error (allocation.cpp:389), pid=6692, tid=0x000000000000119c
#
# JRE version: OpenJDK Runtime Environment (8.0_212-b04) (build 1.8.0_212-release-1586-b04)
# Java VM: OpenJDK 64-Bit Server VM (25.212-b04 mixed mode windows-amd64 compressed oops)
# Failed to write core dump. Minidumps are not enabled by default on client versions of Windows
#

---------------  T H R E A D  ---------------

Current thread (0x000000001640d800):  JavaThread "C2 CompilerThread0" daemon [_thread_in_native, id=4508, stack(0x0000000017a60000,0x0000000017b60000)]

Stack: [0x0000000017a60000,0x0000000017b60000]
[error occurred during error reporting (printing stack bounds), id 0xc0000005]

Native frames: (J=compiled Java code, j=interpreted, Vv=VM code, C=native code)


Current CompileTask:
C2:6418750 20683 %     4       com.android.tools.r8.u.c.M::a @ 153 (3068 bytes)


---------------  P R O C E S S  ---------------

Java Threads: ( => current thread )
  0x000000001f52b000 JavaThread "WorkerExecutor Queue Thread 6" [_thread_blocked, id=11852, stack(0x0000000029530000,0x0000000029630000)]
  0x000000001f52e800 JavaThread "WorkerExecutor Queue Thread 5" [_thread_blocked, id=10944, stack(0x0000000029430000,0x0000000029530000)]
  0x000000001f52a000 JavaThread "ForkJoinPool.commonPool-worker-3" daemon [_thread_blocked, id=5156, stack(0x0000000028e50000,0x0000000028f50000)]
  0x000000001f521800 JavaThread "ForkJoinPool.commonPool-worker-1" daemon [_thread_blocked, id=13984, stack(0x0000000025f80000,0x0000000026080000)]
  0x000000001f524800 JavaThread "Cache worker for Java compile cache (C:\Users\saran\AndroidStudioProjects\LoanEasy\.gradle\5.6.4\javaCompile)" [_thread_blocked, id=8592, stack(0x0000000027080000,0x0000000027180000)]
  0x000000001f524000 JavaThread "Cache worker for Java compile cache (C:\Users\saran\.gradle\caches\5.6.4\javaCompile)" [_thread_blocked, id=3192, stack(0x000000001b980000,0x000000001ba80000)]
  0x000000001f522800 JavaThread "stdout" [_thread_in_native, id=5960, stack(0x0000000026d80000,0x0000000026e80000)]
  0x000000001f528800 JavaThread "stdout" [_thread_in_native, id=16044, stack(0x0000000026c80000,0x0000000026d80000)]
  0x000000001f526000 JavaThread "stdout" [_thread_in_native, id=6364, stack(0x0000000026b80000,0x0000000026c80000)]
  0x000000001f527000 JavaThread "stdout" [_thread_in_native, id=3900, stack(0x0000000026a80000,0x0000000026b80000)]
  0x00000000193cc800 JavaThread "stderr" [_thread_in_native, id=8220, stack(0x0000000026980000,0x0000000026a80000)]
  0x00000000193d2800 JavaThread "stderr" [_thread_in_native, id=14212, stack(0x0000000026880000,0x0000000026980000)]
  0x00000000193d1800 JavaThread "stderr" [_thread_in_native, id=10816, stack(0x0000000026780000,0x0000000026880000)]
  0x00000000193d1000 JavaThread "stderr" [_thread_in_native, id=7996, stack(0x0000000026680000,0x0000000026780000)]
  0x00000000193d3000 JavaThread "WorkerExecutor Queue Thread 4" [_thread_blocked, id=2564, stack(0x0000000026580000,0x0000000026680000)]
  0x00000000193cf800 JavaThread "pool-15-thread-1" [_thread_blocked, id=8736, stack(0x0000000026480000,0x0000000026580000)]
  0x00000000193ce800 JavaThread "WorkerExecutor Queue Thread 3" [_thread_blocked, id=2144, stack(0x0000000026380000,0x0000000026480000)]
  0x00000000193ce000 JavaThread "WorkerExecutor Queue Thread 2" [_thread_blocked, id=16400, stack(0x0000000026280000,0x0000000026380000)]
  0x00000000193c8000 JavaThread "Cache worker for execution history cache (C:\Users\saran\AndroidStudioProjects\LoanEasy\.gradle\5.6.4\executionHistory)" [_thread_blocked, id=10984, stack(0x0000000025e80000,0x0000000025f80000)]
  0x00000000193c5000 JavaThread "Execution worker for ':' Thread 3" [_thread_blocked, id=14428, stack(0x0000000025d80000,0x0000000025e80000)]
  0x00000000193c7000 JavaThread "Execution worker for ':' Thread 2" [_thread_blocked, id=1272, stack(0x0000000025c80000,0x0000000025d80000)]
  0x00000000193c9800 JavaThread "Execution worker for ':'" [_thread_in_native, id=6580, stack(0x0000000025b80000,0x0000000025c80000)]
  0x00000000193c6800 JavaThread "Cache worker for file content cache (C:\Users\saran\AndroidStudioProjects\LoanEasy\.gradle\5.6.4\fileContent)" [_thread_blocked, id=14900, stack(0x0000000025420000,0x0000000025520000)]
  0x00000000193c8800 JavaThread "Cache worker for file content cache (C:\Users\saran\.gradle\caches\5.6.4\fileContent)" [_thread_blocked, id=2444, stack(0x00000000245b0000,0x00000000246b0000)]
  0x0000000018d93000 JavaThread "Cache worker for Build Output Cleanup Cache (C:\Users\saran\AndroidStudioProjects\LoanEasy\.gradle\buildOutputCleanup)" [_thread_blocked, id=9048, stack(0x0000000023610000,0x0000000023710000)]
  0x000000001ce98000 JavaThread "Build operations Thread 4" [_thread_blocked, id=3028, stack(0x0000000020ef0000,0x0000000020ff0000)]
  0x000000001ce97000 JavaThread "Build operations Thread 3" [_thread_blocked, id=10380, stack(0x0000000020df0000,0x0000000020ef0000)]
  0x000000001ce9b800 JavaThread "Build operations Thread 2" [_thread_blocked, id=15152, stack(0x0000000020cf0000,0x0000000020df0000)]
  0x000000001ce9b000 JavaThread "Build operations" [_thread_blocked, id=11192, stack(0x0000000020bf0000,0x0000000020cf0000)]
  0x000000001ce9a000 JavaThread "Cache worker for cache directory md-rule (C:\Users\saran\.gradle\caches\5.6.4\md-rule)" [_thread_blocked, id=7516, stack(0x000000001fff0000,0x00000000200f0000)]
  0x000000001ce96800 JavaThread "Cache worker for cache directory md-supplier (C:\Users\saran\.gradle\caches\5.6.4\md-supplier)" [_thread_blocked, id=14664, stack(0x000000001ee80000,0x000000001ef80000)]
  0x000000001ce9c800 JavaThread "Cache worker for file hash cache (C:\Users\saran\AndroidStudioProjects\LoanEasy\.gradle\5.6.4\fileHashes)" [_thread_blocked, id=9876, stack(0x000000001c380000,0x000000001c480000)]
  0x000000001ce95800 JavaThread "Thread-54" [_thread_blocked, id=16352, stack(0x000000001bc80000,0x000000001bd80000)]
  0x000000001ce91000 JavaThread "Asynchronous log dispatcher for DefaultDaemonConnection: socket connection from /127.0.0.1:56659 to /127.0.0.1:50859" [_thread_blocked, id=7328, stack(0x000000001b880000,0x000000001b980000)]
  0x000000001ce93000 JavaThread "Daemon worker Thread 3" [_thread_blocked, id=15780, stack(0x000000001b580000,0x000000001b680000)]
  0x000000001ce8f800 JavaThread "Cancel handler" [_thread_blocked, id=15432, stack(0x000000001b480000,0x000000001b580000)]
  0x000000001ce95000 JavaThread "Handler for socket connection from /127.0.0.1:56659 to /127.0.0.1:50859" [_thread_in_native, id=14604, stack(0x0000000000f00000,0x0000000001000000)]
  0x000000001ce90000 JavaThread "Daemon Thread 3" [_thread_blocked, id=7272, stack(0x0000000000e00000,0x0000000000f00000)]
  0x000000001ce94000 JavaThread "Memory manager" [_thread_blocked, id=3672, stack(0x0000000024720000,0x0000000024820000)]
  0x0000000018d96000 JavaThread "Cache worker for execution history cache (C:\Users\saran\.gradle\caches\5.6.4\executionHistory)" [_thread_blocked, id=1408, stack(0x00000000200f0000,0x00000000201f0000)]
  0x0000000018d93800 JavaThread "Cache worker for journal cache (C:\Users\saran\.gradle\caches\journal-1)" [_thread_blocked, id=1480, stack(0x000000001c180000,0x000000001c280000)]
  0x0000000018d91800 JavaThread "File lock request listener" [_thread_in_native, id=3660, stack(0x000000001c080000,0x000000001c180000)]
  0x0000000019f3d000 JavaThread "Cache worker for file hash cache (C:\Users\saran\.gradle\caches\5.6.4\fileHashes)" [_thread_blocked, id=11152, stack(0x000000001bf80000,0x000000001c080000)]
  0x0000000019cfe800 JavaThread "Daemon periodic checks" [_thread_blocked, id=17284, stack(0x000000001b380000,0x000000001b480000)]
  0x0000000019ce4000 JavaThread "Incoming local TCP Connector on port 56659" [_thread_in_native, id=5428, stack(0x000000001b140000,0x000000001b240000)]
  0x0000000017f8e000 JavaThread "Daemon health stats" [_thread_blocked, id=9276, stack(0x000000001ab00000,0x000000001ac00000)]
  0x0000000017d88800 JavaThread "Service Thread" daemon [_thread_blocked, id=13976, stack(0x0000000018160000,0x0000000018260000)]
  0x000000001641b000 JavaThread "C1 CompilerThread2" daemon [_thread_blocked, id=12340, stack(0x0000000017c60000,0x0000000017d60000)]
  0x0000000016411000 JavaThread "C2 CompilerThread1" daemon [_thread_in_native, id=3632, stack(0x0000000017b60000,0x0000000017c60000)]
=>0x000000001640d800 JavaThread "C2 CompilerThread0" daemon [_thread_in_native, id=4508, stack(0x0000000017a60000,0x0000000017b60000)]
  0x000000001640b000 JavaThread "Attach Listener" daemon [_thread_blocked, id=16608, stack(0x0000000017960000,0x0000000017a60000)]
  0x0000000016409800 JavaThread "Signal Dispatcher" daemon [_thread_blocked, id=2192, stack(0x0000000017860000,0x0000000017960000)]
  0x0000000002a9b000 JavaThread "Finalizer" daemon [_thread_blocked, id=8448, stack(0x0000000017660000,0x0000000017760000)]
  0x00000000163f9000 JavaThread "Reference Handler" daemon [_thread_blocked, id=1076, stack(0x0000000017560000,0x0000000017660000)]
  0x000000000101e800 JavaThread "main" [_thread_blocked, id=5404, stack(0x00000000028a0000,0x00000000029a0000)]

Other Threads:
  0x00000000163d6800 VMThread [stack: 0x0000000017460000,0x0000000017560000] [id=14800]
  0x000000001644b000 WatcherThread [stack: 0x0000000018260000,0x0000000018360000] [id=7560]

VM state:not at safepoint (normal execution)

VM Mutex/Monitor currently owned by a thread: None

OutOfMemory and StackOverflow Exception counts:
OutOfMemoryError java_heap_errors=2

heap address: 0x00000000a0000000, size: 1536 MB, Compressed Oops mode: 32-bit
Narrow klass base: 0x0000000000000000, Narrow klass shift: 3
Compressed class space size: 1073741824 Address: 0x0000000100000000

Heap:
 PSYoungGen      total 336896K, used 63476K [0x00000000e0000000, 0x00000000f6680000, 0x0000000100000000)
  eden space 306688K, 19% used [0x00000000e0000000,0x00000000e3b82c38,0x00000000f2b80000)
  from space 30208K, 8% used [0x00000000f2b80000,0x00000000f2dfa5a8,0x00000000f4900000)
  to   space 28672K, 0% used [0x00000000f4a80000,0x00000000f4a80000,0x00000000f6680000)
 ParOldGen       total 205824K, used 71048K [0x00000000a0000000, 0x00000000ac900000, 0x00000000e0000000)
  object space 205824K, 34% used [0x00000000a0000000,0x00000000a4562160,0x00000000ac900000)
 Metaspace       used 101760K, capacity 105932K, committed 106624K, reserved 1142784K
  class space    used 12994K, capacity 13816K, committed 13952K, reserved 1048576K

Card table byte_map: [0x0000000011e60000,0x0000000012170000] byte_map_base: 0x0000000011960000

Marking Bits: (ParMarkBitMap*) 0x0000000053979f30
 Begin Bits: [0x0000000012770000, 0x0000000013f70000)
 End Bits:   [0x0000000013f70000, 0x0000000015770000)

Polling page: 0x0000000000b20000

CodeCache: size=245760Kb used=61138Kb max_used=61138Kb free=184621Kb
 bounds [0x0000000002aa0000, 0x00000000066a0000, 0x0000000011aa0000]
 total_blobs=18576 nmethods=17647 adapters=840
 compilation: enabled

Compilation events (10 events):
Event: 6417.465 Thread 0x000000001641b000 21472       2       com.android.tools.r8.r.n.f::a (49 bytes)
Event: 6417.468 Thread 0x000000001641b000 nmethod 21472 0x0000000006623d50 code [0x0000000006623f80, 0x00000000066248f8]
Event: 6417.470 Thread 0x000000001641b000 21473       2       com.android.tools.r8.u.b.t::<init> (16 bytes)
Event: 6417.470 Thread 0x000000001641b000 nmethod 21473 0x0000000006623990 code [0x0000000006623b00, 0x0000000006623ca8]
Event: 6417.548 Thread 0x000000001641b000 21475       1       com.android.tools.r8.u.b.E0::W1 (2 bytes)
Event: 6417.549 Thread 0x000000001641b000 nmethod 21475 0x00000000065cfed0 code [0x00000000065d0020, 0x00000000065d0130]
Event: 6417.598 Thread 0x000000001641b000 21476 %     3       com.android.tools.r8.u.b.M0::c @ 14 (46 bytes)
Event: 6417.598 Thread 0x000000001641b000 nmethod 21476% 0x0000000006622e50 code [0x0000000006623020, 0x0000000006623768]
Event: 6417.921 Thread 0x000000001641b000 21478       2       com.android.tools.r8.u.b.t::a (356 bytes)
Event: 6417.923 Thread 0x000000001641b000 nmethod 21478 0x0000000006621890 code [0x0000000006621b00, 0x00000000066224e8]

GC Heap History (10 events):
Event: 6383.897 GC heap before
{Heap before GC invocations=24 (full 4):
 PSYoungGen      total 252416K, used 14236K [0x00000000e0000000, 0x00000000f3200000, 0x0000000100000000)
  eden space 219136K, 0% used [0x00000000e0000000,0x00000000e0000000,0x00000000ed600000)
  from space 33280K, 42% used [0x00000000ef780000,0x00000000f0567198,0x00000000f1800000)
  to   space 34304K, 0% used [0x00000000ed600000,0x00000000ed600000,0x00000000ef780000)
 ParOldGen       total 139776K, used 79743K [0x00000000a0000000, 0x00000000a8880000, 0x00000000e0000000)
  object space 139776K, 57% used [0x00000000a0000000,0x00000000a4ddfc10,0x00000000a8880000)
 Metaspace       used 94294K, capacity 98464K, committed 98560K, reserved 1134592K
  class space    used 12126K, capacity 13017K, committed 13056K, reserved 1048576K
Event: 6388.427 GC heap after
Heap after GC invocations=24 (full 4):
 PSYoungGen      total 252416K, used 0K [0x00000000e0000000, 0x00000000f3200000, 0x0000000100000000)
  eden space 219136K, 0% used [0x00000000e0000000,0x00000000e0000000,0x00000000ed600000)
  from space 33280K, 0% used [0x00000000ef780000,0x00000000ef780000,0x00000000f1800000)
  to   space 34304K, 0% used [0x00000000ed600000,0x00000000ed600000,0x00000000ef780000)
 ParOldGen       total 205824K, used 63176K [0x00000000a0000000, 0x00000000ac900000, 0x00000000e0000000)
  object space 205824K, 30% used [0x00000000a0000000,0x00000000a3db2038,0x00000000ac900000)
 Metaspace       used 93036K, capacity 96136K, committed 98560K, reserved 1134592K
  class space    used 11859K, capacity 12536K, committed 13056K, reserved 1048576K
}
Event: 6407.176 GC heap before
{Heap before GC invocations=25 (full 4):
 PSYoungGen      total 252416K, used 219136K [0x00000000e0000000, 0x00000000f3200000, 0x0000000100000000)
  eden space 219136K, 100% used [0x00000000e0000000,0x00000000ed600000,0x00000000ed600000)
  from space 33280K, 0% used [0x00000000ef780000,0x00000000ef780000,0x00000000f1800000)
  to   space 34304K, 0% used [0x00000000ed600000,0x00000000ed600000,0x00000000ef780000)
 ParOldGen       total 205824K, used 63176K [0x00000000a0000000, 0x00000000ac900000, 0x00000000e0000000)
  object space 205824K, 30% used [0x00000000a0000000,0x00000000a3db2038,0x00000000ac900000)
 Metaspace       used 100273K, capacity 104202K, committed 105216K, reserved 1140736K
  class space    used 12827K, capacity 13667K, committed 13824K, reserved 1048576K
Event: 6407.219 GC heap after
Heap after GC invocations=25 (full 4):
 PSYoungGen      total 253440K, used 11987K [0x00000000e0000000, 0x00000000f3480000, 0x0000000100000000)
  eden space 219136K, 0% used [0x00000000e0000000,0x00000000e0000000,0x00000000ed600000)
  from space 34304K, 34% used [0x00000000ed600000,0x00000000ee1b4c18,0x00000000ef780000)
  to   space 32768K, 0% used [0x00000000f1480000,0x00000000f1480000,0x00000000f3480000)
 ParOldGen       total 205824K, used 63184K [0x00000000a0000000, 0x00000000ac900000, 0x00000000e0000000)
  object space 205824K, 30% used [0x00000000a0000000,0x00000000a3db4038,0x00000000ac900000)
 Metaspace       used 100273K, capacity 104202K, committed 105216K, reserved 1140736K
  class space    used 12827K, capacity 13667K, committed 13824K, reserved 1048576K
}
Event: 6409.841 GC heap before
{Heap before GC invocations=26 (full 4):
 PSYoungGen      total 253440K, used 231123K [0x00000000e0000000, 0x00000000f3480000, 0x0000000100000000)
  eden space 219136K, 100% used [0x00000000e0000000,0x00000000ed600000,0x00000000ed600000)
  from space 34304K, 34% used [0x00000000ed600000,0x00000000ee1b4c18,0x00000000ef780000)
  to   space 32768K, 0% used [0x00000000f1480000,0x00000000f1480000,0x00000000f3480000)
 ParOldGen       total 205824K, used 63184K [0x00000000a0000000, 0x00000000ac900000, 0x00000000e0000000)
  object space 205824K, 30% used [0x00000000a0000000,0x00000000a3db4038,0x00000000ac900000)
 Metaspace       used 100876K, capacity 104974K, committed 105856K, reserved 1140736K
  class space    used 12907K, capacity 13749K, committed 13952K, reserved 1048576K
Event: 6410.037 GC heap after
Heap after GC invocations=26 (full 4):
 PSYoungGen      total 284160K, used 13533K [0x00000000e0000000, 0x00000000f4680000, 0x0000000100000000)
  eden space 251392K, 0% used [0x00000000e0000000,0x00000000e0000000,0x00000000ef580000)
  from space 32768K, 41% used [0x00000000f1480000,0x00000000f21b74f8,0x00000000f3480000)
  to   space 31744K, 0% used [0x00000000ef580000,0x00000000ef580000,0x00000000f1480000)
 ParOldGen       total 205824K, used 63192K [0x00000000a0000000, 0x00000000ac900000, 0x00000000e0000000)
  object space 205824K, 30% used [0x00000000a0000000,0x00000000a3db6038,0x00000000ac900000)
 Metaspace       used 100876K, capacity 104974K, committed 105856K, reserved 1140736K
  class space    used 12907K, capacity 13749K, committed 13952K, reserved 1048576K
}
Event: 6412.174 GC heap before
{Heap before GC invocations=27 (full 4):
 PSYoungGen      total 284160K, used 264925K [0x00000000e0000000, 0x00000000f4680000, 0x0000000100000000)
  eden space 251392K, 100% used [0x00000000e0000000,0x00000000ef580000,0x00000000ef580000)
  from space 32768K, 41% used [0x00000000f1480000,0x00000000f21b74f8,0x00000000f3480000)
  to   space 31744K, 0% used [0x00000000ef580000,0x00000000ef580000,0x00000000f1480000)
 ParOldGen       total 205824K, used 63192K [0x00000000a0000000, 0x00000000ac900000, 0x00000000e0000000)
  object space 205824K, 30% used [0x00000000a0000000,0x00000000a3db6038,0x00000000ac900000)
 Metaspace       used 101098K, capacity 105264K, committed 106112K, reserved 1140736K
  class space    used 12932K, capacity 13790K, committed 13952K, reserved 1048576K
Event: 6412.212 GC heap after
Heap after GC invocations=27 (full 4):
 PSYoungGen      total 283136K, used 14412K [0x00000000e0000000, 0x00000000f6800000, 0x0000000100000000)
  eden space 251392K, 0% used [0x00000000e0000000,0x00000000e0000000,0x00000000ef580000)
  from space 31744K, 45% used [0x00000000ef580000,0x00000000f0393178,0x00000000f1480000)
  to   space 30208K, 0% used [0x00000000f4a80000,0x00000000f4a80000,0x00000000f6800000)
 ParOldGen       total 205824K, used 63200K [0x00000000a0000000, 0x00000000ac900000, 0x00000000e0000000)
  object space 205824K, 30% used [0x00000000a0000000,0x00000000a3db8038,0x00000000ac900000)
 Metaspace       used 101098K, capacity 105264K, committed 106112K, reserved 1140736K
  class space    used 12932K, capacity 13790K, committed 13952K, reserved 1048576K
}
Event: 6414.506 GC heap before
{Heap before GC invocations=28 (full 4):
 PSYoungGen      total 283136K, used 265804K [0x00000000e0000000, 0x00000000f6800000, 0x0000000100000000)
  eden space 251392K, 100% used [0x00000000e0000000,0x00000000ef580000,0x00000000ef580000)
  from space 31744K, 45% used [0x00000000ef580000,0x00000000f0393178,0x00000000f1480000)
  to   space 30208K, 0% used [0x00000000f4a80000,0x00000000f4a80000,0x00000000f6800000)
 ParOldGen       total 205824K, used 63200K [0x00000000a0000000, 0x00000000ac900000, 0x00000000e0000000)
  object space 205824K, 30% used [0x00000000a0000000,0x00000000a3db8038,0x00000000ac900000)
 Metaspace       used 101173K, capacity 105346K, committed 106112K, reserved 1140736K
  class space    used 12937K, capacity 13791K, committed 13952K, reserved 1048576K
Event: 6414.545 GC heap after
Heap after GC invocations=28 (full 4):
 PSYoungGen      total 335360K, used 6603K [0x00000000e0000000, 0x00000000f6680000, 0x0000000100000000)
  eden space 306688K, 0% used [0x00000000e0000000,0x00000000e0000000,0x00000000f2b80000)
  from space 28672K, 23% used [0x00000000f4a80000,0x00000000f50f2f48,0x00000000f6680000)
  to   space 30208K, 0% used [0x00000000f2b80000,0x00000000f2b80000,0x00000000f4900000)
 ParOldGen       total 205824K, used 68569K [0x00000000a0000000, 0x00000000ac900000, 0x00000000e0000000)
  object space 205824K, 33% used [0x00000000a0000000,0x00000000a42f65d0,0x00000000ac900000)
 Metaspace       used 101173K, capacity 105346K, committed 106112K, reserved 1140736K
  class space    used 12937K, capacity 13791K, committed 13952K, reserved 1048576K
}

Deoptimization events (10 events):
Event: 6411.954 Thread 0x00000000193c9800 Uncommon trap: reason=null_assert action=make_not_entrant pc=0x0000000005dd6e94 method=com.android.tools.r8.u.b.g1.p()Lcom/android/tools/r8/graph/r; @ 4
Event: 6411.992 Thread 0x00000000193c5000 Uncommon trap: reason=class_check action=maybe_recompile pc=0x000000000634acc0 method=com.android.tools.r8.ir.regalloc.LinearScanRegisterAllocator.a(Lcom/android/tools/r8/ir/regalloc/LinearScanRegisterAllocator$a;Z)Lcom/android/tools/r8/ir/regalloc/Linear
Event: 6412.579 Thread 0x00000000193c7000 Uncommon trap: reason=unstable_if action=reinterpret pc=0x0000000006276194 method=com.android.tools.r8.ir.regalloc.LinearScanRegisterAllocator.a(Lcom/android/tools/r8/ir/regalloc/LinearScanRegisterAllocator$a;Z)Lcom/android/tools/r8/ir/regalloc/LinearScan
Event: 6412.590 Thread 0x00000000193c7000 Uncommon trap: reason=unstable_if action=reinterpret pc=0x000000000634a320 method=com.android.tools.r8.ir.regalloc.LinearScanRegisterAllocator.a(Lcom/android/tools/r8/ir/regalloc/LinearScanRegisterAllocator$a;Z)Lcom/android/tools/r8/ir/regalloc/LinearScan
Event: 6414.831 Thread 0x000000001ce93000 Uncommon trap: reason=unstable_if action=reinterpret pc=0x0000000004e12df4 method=java.util.TimSort.countRunAndMakeAscending([Ljava/lang/Object;IILjava/util/Comparator;)I @ 27
Event: 6416.041 Thread 0x00000000193c7000 Uncommon trap: reason=unstable_if action=reinterpret pc=0x00000000061d1ed4 method=com.android.tools.r8.graph.d0.a([C)I @ 44
Event: 6416.990 Thread 0x00000000193c9800 Uncommon trap: reason=array_check action=maybe_recompile pc=0x00000000030d1234 method=java.util.ComparableTimSort.binarySort([Ljava/lang/Object;III)V @ 215
Event: 6417.099 Thread 0x00000000193c9800 Uncommon trap: reason=class_check action=maybe_recompile pc=0x00000000057cf1fc method=org.gradle.internal.execution.history.changes.SortedMapDiffUtil.diff(Ljava/util/SortedMap;Ljava/util/SortedMap;Lorg/gradle/internal/execution/history/changes/PropertyDif
Event: 6417.237 Thread 0x00000000193c9800 Uncommon trap: reason=class_check action=maybe_recompile pc=0x00000000057a6928 method=java.util.Collections$SetFromMap.<init>(Ljava/util/Map;)V @ 5
Event: 6417.492 Thread 0x00000000193c9800 Uncommon trap: reason=array_check action=maybe_recompile pc=0x00000000056927d8 method=java.util.Arrays.fill([Ljava/lang/Object;IILjava/lang/Object;)V @ 20

Classes redefined (0 events):
No events

Internal exceptions (10 events):
Event: 6408.457 Thread 0x00000000193c7000 Exception <a 'sun/nio/fs/WindowsException'> (0x00000000e3002780) thrown at [D:\src\AOSP-openjdk-cygwin\jdk8u\hotspot\src\share\vm\prims\jni.cpp, line 710]
Event: 6408.889 Thread 0x00000000193c9800 Exception <a 'sun/nio/fs/WindowsException'> (0x00000000e6d24a58) thrown at [D:\src\AOSP-openjdk-cygwin\jdk8u\hotspot\src\share\vm\prims\jni.cpp, line 710]
Event: 6409.246 Thread 0x00000000193c7000 Exception <a 'sun/nio/fs/WindowsException'> (0x00000000e9082df8) thrown at [D:\src\AOSP-openjdk-cygwin\jdk8u\hotspot\src\share\vm\prims\jni.cpp, line 710]
Event: 6409.367 Thread 0x00000000193c9800 Exception <a 'sun/nio/fs/WindowsException'> (0x00000000ea1c4730) thrown at [D:\src\AOSP-openjdk-cygwin\jdk8u\hotspot\src\share\vm\prims\jni.cpp, line 710]
Event: 6410.238 Thread 0x00000000193c9800 Exception <a 'sun/nio/fs/WindowsException'> (0x00000000e0135c30) thrown at [D:\src\AOSP-openjdk-cygwin\jdk8u\hotspot\src\share\vm\prims\jni.cpp, line 710]
Event: 6410.693 Thread 0x00000000193c9800 Exception <a 'sun/nio/fs/WindowsException'> (0x00000000e51480b8) thrown at [D:\src\AOSP-openjdk-cygwin\jdk8u\hotspot\src\share\vm\prims\jni.cpp, line 710]
Event: 6412.213 Thread 0x00000000193c9800 Exception <a 'sun/nio/fs/WindowsException'> (0x00000000e0000cd8) thrown at [D:\src\AOSP-openjdk-cygwin\jdk8u\hotspot\src\share\vm\prims\jni.cpp, line 710]
Event: 6413.552 Thread 0x00000000193c9800 Exception <a 'sun/nio/fs/WindowsException'> (0x00000000e64a7cc0) thrown at [D:\src\AOSP-openjdk-cygwin\jdk8u\hotspot\src\share\vm\prims\jni.cpp, line 710]
Event: 6415.173 Thread 0x000000001ce93000 Exception <a 'sun/nio/fs/WindowsException'> (0x00000000e3b24c78) thrown at [D:\src\AOSP-openjdk-cygwin\jdk8u\hotspot\src\share\vm\prims\jni.cpp, line 710]
Event: 6415.784 Thread 0x00000000193c5000 Exception <a 'sun/nio/fs/WindowsException'> (0x00000000e84f0550) thrown at [D:\src\AOSP-openjdk-cygwin\jdk8u\hotspot\src\share\vm\prims\jni.cpp, line 710]

Events (10 events):
Event: 6417.857 loading class com/android/build/gradle/internal/tasks/DexArchiveBuilderTaskDelegate$doProcess$$inlined$use$lambda$1
Event: 6417.857 loading class com/android/build/gradle/internal/tasks/DexArchiveBuilderTaskDelegate$doProcess$$inlined$use$lambda$1 done
Event: 6417.859 loading class com/android/build/gradle/internal/tasks/DexArchiveBuilderTaskDelegate$ClasspathService
Event: 6417.859 loading class com/android/build/gradle/internal/tasks/DexArchiveBuilderTaskDelegate$ClasspathService done
Event: 6417.861 loading class com/android/build/gradle/internal/tasks/DexArchiveBuilderTaskDelegate$doProcess$1$1$2
Event: 6417.861 loading class com/android/build/gradle/internal/tasks/DexArchiveBuilderTaskDelegate$doProcess$1$1$2 done
Event: 6417.887 Thread 0x00000000193c7000 DEOPT PACKING pc=0x0000000005fefc17 sp=0x0000000025d7a7b0
Event: 6417.887 Thread 0x00000000193c7000 DEOPT UNPACKING pc=0x0000000002ae75d0 sp=0x0000000025d7a6a0 mode 0
Event: 6417.901 Thread 0x00000000193c7000 DEOPT PACKING pc=0x0000000006317370 sp=0x0000000025d7aae0
Event: 6417.901 Thread 0x00000000193c7000 DEOPT UNPACKING pc=0x0000000002ae75d0 sp=0x0000000025d7a928 mode 0


Dynamic libraries:
0x00007ff7d5d30000 - 0x00007ff7d5d61000 	C:\Program Files\Android\Android Studio\jre\bin\java.exe
0x00007fff026c0000 - 0x00007fff028b0000 	C:\WINDOWS\SYSTEM32\ntdll.dll
0x00007fff02350000 - 0x00007fff02402000 	C:\WINDOWS\System32\KERNEL32.DLL
0x00007ffeff840000 - 0x00007ffeffae3000 	C:\WINDOWS\System32\KERNELBASE.dll
0x00007fff022a0000 - 0x00007fff02343000 	C:\WINDOWS\System32\ADVAPI32.dll
0x00007fff02200000 - 0x00007fff0229e000 	C:\WINDOWS\System32\msvcrt.dll
0x00007fff01350000 - 0x00007fff013e7000 	C:\WINDOWS\System32\sechost.dll
0x00007fff020b0000 - 0x00007fff021d0000 	C:\WINDOWS\System32\RPCRT4.dll
0x00007fff01a10000 - 0x00007fff01ba4000 	C:\WINDOWS\System32\USER32.dll
0x00007fff00610000 - 0x00007fff00631000 	C:\WINDOWS\System32\win32u.dll
0x00007fff011d0000 - 0x00007fff011f6000 	C:\WINDOWS\System32\GDI32.dll
0x00007fff00470000 - 0x00007fff00604000 	C:\WINDOWS\System32\gdi32full.dll
0x00007ffeff780000 - 0x00007ffeff81e000 	C:\WINDOWS\System32\msvcp_win.dll
0x00007fff00670000 - 0x00007fff0076a000 	C:\WINDOWS\System32\ucrtbase.dll
0x00007ffef36f0000 - 0x00007ffef3975000 	C:\WINDOWS\WinSxS\amd64_microsoft.windows.common-controls_6595b64144ccf1df_6.0.18362.657_none_e6c5b579130e3898\COMCTL32.dll
0x00007fff01ce0000 - 0x00007fff02016000 	C:\WINDOWS\System32\combase.dll
0x00007ffeff650000 - 0x00007ffeff6d0000 	C:\WINDOWS\System32\bcryptPrimitives.dll
0x00007fff021d0000 - 0x00007fff021fe000 	C:\WINDOWS\System32\IMM32.DLL
0x0000000052ff0000 - 0x00000000530c2000 	C:\Program Files\Android\Android Studio\jre\jre\bin\msvcr100.dll
0x00000000531b0000 - 0x00000000539f6000 	C:\Program Files\Android\Android Studio\jre\jre\bin\server\jvm.dll
0x00007fff013f0000 - 0x00007fff013f8000 	C:\WINDOWS\System32\PSAPI.DLL
0x00007ffef4a80000 - 0x00007ffef4a8a000 	C:\WINDOWS\SYSTEM32\VERSION.dll
0x00007ffeec3b0000 - 0x00007ffeec3b9000 	C:\WINDOWS\SYSTEM32\WSOCK32.dll
0x00007ffefc330000 - 0x00007ffefc354000 	C:\WINDOWS\SYSTEM32\WINMM.dll
0x00007fff01200000 - 0x00007fff0126f000 	C:\WINDOWS\System32\WS2_32.dll
0x00007ffefc300000 - 0x00007ffefc32d000 	C:\WINDOWS\SYSTEM32\winmmbase.dll
0x00007ffeffb50000 - 0x00007ffeffb9a000 	C:\WINDOWS\System32\cfgmgr32.dll
0x00007ffef9c10000 - 0x00007ffef9c1f000 	C:\Program Files\Android\Android Studio\jre\jre\bin\verify.dll
0x00007ffef0970000 - 0x00007ffef0999000 	C:\Program Files\Android\Android Studio\jre\jre\bin\java.dll
0x00007ffef6e20000 - 0x00007ffef6e36000 	C:\Program Files\Android\Android Studio\jre\jre\bin\zip.dll
0x00007fff008d0000 - 0x00007fff00fb5000 	C:\WINDOWS\System32\SHELL32.dll
0x00007fff010b0000 - 0x00007fff01159000 	C:\WINDOWS\System32\shcore.dll
0x00007ffeffba0000 - 0x00007fff0031f000 	C:\WINDOWS\System32\windows.storage.dll
0x00007ffeff630000 - 0x00007ffeff64f000 	C:\WINDOWS\System32\profapi.dll
0x00007ffeff5c0000 - 0x00007ffeff60a000 	C:\WINDOWS\System32\powrprof.dll
0x00007ffeff590000 - 0x00007ffeff5a0000 	C:\WINDOWS\System32\UMPDC.dll
0x00007fff01270000 - 0x00007fff012c2000 	C:\WINDOWS\System32\shlwapi.dll
0x00007ffeff5a0000 - 0x00007ffeff5b1000 	C:\WINDOWS\System32\kernel.appcore.dll
0x00007ffeff820000 - 0x00007ffeff837000 	C:\WINDOWS\System32\cryptsp.dll
0x00007ffef4b40000 - 0x00007ffef4b5a000 	C:\Program Files\Android\Android Studio\jre\jre\bin\net.dll
0x00007ffef2b00000 - 0x00007ffef2cd6000 	C:\WINDOWS\SYSTEM32\urlmon.dll
0x00007ffef3180000 - 0x00007ffef3426000 	C:\WINDOWS\SYSTEM32\iertutil.dll
0x00007ffefef70000 - 0x00007ffefef7c000 	C:\WINDOWS\SYSTEM32\CRYPTBASE.DLL
0x00007ffefeda0000 - 0x00007ffefee07000 	C:\WINDOWS\system32\mswsock.dll
0x00007ffef3980000 - 0x00007ffef3993000 	C:\Program Files\Android\Android Studio\jre\jre\bin\nio.dll
0x00007ffef9c60000 - 0x00007ffef9c86000 	C:\Users\saran\.gradle\native\30\windows-amd64\native-platform.dll
0x00007ffef7d90000 - 0x00007ffef7d9d000 	C:\Program Files\Android\Android Studio\jre\jre\bin\management.dll
0x00007ffefe910000 - 0x00007ffefe943000 	C:\WINDOWS\system32\rsaenh.dll
0x00007fff00640000 - 0x00007fff00666000 	C:\WINDOWS\System32\bcrypt.dll
0x00007ffeff4b0000 - 0x00007ffeff4d5000 	C:\WINDOWS\SYSTEM32\USERENV.dll
0x00007ffefeab0000 - 0x00007ffefeaea000 	C:\WINDOWS\SYSTEM32\IPHLPAPI.DLL
0x00007fff02410000 - 0x00007fff02418000 	C:\WINDOWS\System32\NSI.dll
0x00007ffef9350000 - 0x00007ffef9366000 	C:\WINDOWS\SYSTEM32\dhcpcsvc6.DLL
0x00007ffef9390000 - 0x00007ffef93ac000 	C:\WINDOWS\SYSTEM32\dhcpcsvc.DLL
0x00007ffefeaf0000 - 0x00007ffefebba000 	C:\WINDOWS\SYSTEM32\DNSAPI.dll
0x00007ffef95d0000 - 0x00007ffef95f4000 	C:\Program Files\Android\Android Studio\jre\jre\bin\sunec.dll
0x00007ffef2160000 - 0x00007ffef216a000 	C:\Windows\System32\rasadhlp.dll
0x00007ffef90d0000 - 0x00007ffef9147000 	C:\WINDOWS\System32\fwpuclnt.dll
0x00007ffefc360000 - 0x00007ffefc36b000 	C:\Program Files\Android\Android Studio\jre\jre\bin\sunmscapi.dll
0x00007fff00320000 - 0x00007fff00469000 	C:\WINDOWS\System32\CRYPT32.dll
0x00007ffeff610000 - 0x00007ffeff622000 	C:\WINDOWS\System32\MSASN1.dll
0x00007ffefe5f0000 - 0x00007ffefe621000 	C:\WINDOWS\SYSTEM32\ntmarta.dll

VM Arguments:
jvm_args: -Xmx1536m -Dfile.encoding=windows-1252 -Duser.country=US -Duser.language=en -Duser.variant 
java_command: org.gradle.launcher.daemon.bootstrap.GradleDaemon 5.6.4
java_class_path (initial): C:\Users\saran\.gradle\wrapper\dists\gradle-5.6.4-all\ankdp27end7byghfw1q2sw75f\gradle-5.6.4\lib\gradle-launcher-5.6.4.jar
Launcher Type: SUN_STANDARD

Environment Variables:
JAVA_HOME=C:\Program Files\Android\Jdk\microsoft_dist_openjdk_1.8.0.25
PATH=C:\Program Files (x86)\Common Files\Intel\Shared Libraries\redist\intel64\compiler;C:\Program Files (x86)\NVIDIA Corporation\PhysX\Common;C:\WINDOWS\system32;C:\WINDOWS;C:\WINDOWS\System32\Wbem;C:\WINDOWS\System32\WindowsPowerShell\v1.0\;C:\Program Files\Intel\WiFi\bin\;C:\Program Files\Common Files\Intel\WirelessCommon\;C:\WINDOWS\System32\OpenSSH\;C:\Users\saran\AppData\Local\Android\Sdk\platform-tools;C:\Program Files\Intel\WiFi\bin\;C:\Program Files\Common Files\Intel\WirelessCommon\;C:\Users\saran\AppData\Local\Microsoft\WindowsApps;C:\Users\saran\AppData\Local\Programs\Microsoft VS Code\bin
USERNAME=saran
OS=Windows_NT
PROCESSOR_IDENTIFIER=Intel64 Family 6 Model 61 Stepping 4, GenuineIntel



---------------  S Y S T E M  ---------------

OS: Windows 10.0 , 64 bit Build 18362 (10.0.18362.329)

CPU:total 4 (initial active 4) (2 cores per cpu, 2 threads per core) family 6 model 61 stepping 4, cmov, cx8, fxsr, mmx, sse, sse2, sse3, ssse3, sse4.1, sse4.2, popcnt, avx, avx2, aes, clmul, erms, 3dnowpref, lzcnt, ht, tsc, tscinvbit, bmi1, bmi2, adx

Memory: 4k page, physical 8296440k(283292k free), swap 10250232k(7952k free)

vm_info: OpenJDK 64-Bit Server VM (25.212-b04) for windows-amd64 JRE (1.8.0_212-release-1586-b04), built by "builder" with MS VC++ 10.0 (VS2010)

time: Tue Apr 21 17:35:32 2020
timezone: India Standard Time
elapsed time: 6419 seconds (0d 1h 46m 59s)

